 =======================================================
 ============== Printing Statistics [id:0]==============
   Total Return Transactions : 0 (0 bytes) aggregate average bandwidth 0.000GB/s
      -Rank   0 : 
        -Reads  : 0 (0 bytes)
        -Writes : 0 (0 bytes)
        -Bandwidth / Latency  (Bank 0): 0.000 GB/s		-nan ns
        -Bandwidth / Latency  (Bank 1): 0.000 GB/s		-nan ns
        -Bandwidth / Latency  (Bank 2): 0.000 GB/s		-nan ns
        -Bandwidth / Latency  (Bank 3): 0.000 GB/s		-nan ns
        -Bandwidth / Latency  (Bank 4): 0.000 GB/s		-nan ns
        -Bandwidth / Latency  (Bank 5): 0.000 GB/s		-nan ns
        -Bandwidth / Latency  (Bank 6): 0.000 GB/s		-nan ns
        -Bandwidth / Latency  (Bank 7): 0.000 GB/s		-nan ns
 == Power Data for Rank        0
   Average Power (watts)     : 0.000
     -Background (watts)     : 0.000
     -Act/Pre    (watts)     : 0.000
     -Burst      (watts)     : 0.000
     -Refresh    (watts)     : 0.000

 == Pending Transactions : 0 (0)==
 =======================================================
 ============== Printing Statistics [id:0]==============
   Total Return Transactions : 69 (4416 bytes) aggregate average bandwidth 0.033GB/s
      -Rank   0 : 
        -Reads  : 69 (4416 bytes)
        -Writes : 0 (0 bytes)
        -Bandwidth / Latency  (Bank 0): 0.004 GB/s		40.781 ns
        -Bandwidth / Latency  (Bank 1): 0.004 GB/s		37.917 ns
        -Bandwidth / Latency  (Bank 2): 0.005 GB/s		38.750 ns
        -Bandwidth / Latency  (Bank 3): 0.005 GB/s		38.182 ns
        -Bandwidth / Latency  (Bank 4): 0.003 GB/s		38.929 ns
        -Bandwidth / Latency  (Bank 5): 0.004 GB/s		40.417 ns
        -Bandwidth / Latency  (Bank 6): 0.003 GB/s		43.571 ns
        -Bandwidth / Latency  (Bank 7): 0.003 GB/s		40.536 ns
 == Power Data for Rank        0
   Average Power (watts)     : 1.190
     -Background (watts)     : 1.096
     -Act/Pre    (watts)     : 0.016
     -Burst      (watts)     : 0.012
     -Refresh    (watts)     : 0.065

 == Pending Transactions : 0 (100000)==
 =======================================================
 ============== Printing Statistics [id:0]==============
   Total Return Transactions : 182 (11648 bytes) aggregate average bandwidth 0.054GB/s
      -Rank   0 : 
        -Reads  : 113 (7232 bytes)
        -Writes : 0 (0 bytes)
        -Bandwidth / Latency  (Bank 0): 0.007 GB/s		41.250 ns
        -Bandwidth / Latency  (Bank 1): 0.006 GB/s		40.577 ns
        -Bandwidth / Latency  (Bank 2): 0.008 GB/s		36.912 ns
        -Bandwidth / Latency  (Bank 3): 0.007 GB/s		37.333 ns
        -Bandwidth / Latency  (Bank 4): 0.009 GB/s		37.639 ns
        -Bandwidth / Latency  (Bank 5): 0.008 GB/s		38.824 ns
        -Bandwidth / Latency  (Bank 6): 0.004 GB/s		38.194 ns
        -Bandwidth / Latency  (Bank 7): 0.004 GB/s		38.194 ns
 == Power Data for Rank        0
   Average Power (watts)     : 1.212
     -Background (watts)     : 1.100
     -Act/Pre    (watts)     : 0.026
     -Burst      (watts)     : 0.020
     -Refresh    (watts)     : 0.065

 == Pending Transactions : 0 (200000)==
 =======================================================
 ============== Printing Statistics [id:0]==============
   Total Return Transactions : 205 (13120 bytes) aggregate average bandwidth 0.011GB/s
      -Rank   0 : 
        -Reads  : 23 (1472 bytes)
        -Writes : 0 (0 bytes)
        -Bandwidth / Latency  (Bank 0): 0.002 GB/s		38.750 ns
        -Bandwidth / Latency  (Bank 1): 0.002 GB/s		38.750 ns
        -Bandwidth / Latency  (Bank 2): 0.002 GB/s		41.000 ns
        -Bandwidth / Latency  (Bank 3): 0.000 GB/s		40.000 ns
        -Bandwidth / Latency  (Bank 4): 0.001 GB/s		40.000 ns
        -Bandwidth / Latency  (Bank 5): 0.000 GB/s		68.750 ns
        -Bandwidth / Latency  (Bank 6): 0.001 GB/s		40.000 ns
        -Bandwidth / Latency  (Bank 7): 0.001 GB/s		38.333 ns
 == Power Data for Rank        0
   Average Power (watts)     : 1.168
     -Background (watts)     : 1.093
     -Act/Pre    (watts)     : 0.006
     -Burst      (watts)     : 0.004
     -Refresh    (watts)     : 0.065

 == Pending Transactions : 0 (300000)==
 =======================================================
 ============== Printing Statistics [id:0]==============
   Total Return Transactions : 233 (14912 bytes) aggregate average bandwidth 0.013GB/s
      -Rank   0 : 
        -Reads  : 28 (1792 bytes)
        -Writes : 0 (0 bytes)
        -Bandwidth / Latency  (Bank 0): 0.001 GB/s		40.000 ns
        -Bandwidth / Latency  (Bank 1): 0.002 GB/s		40.625 ns
        -Bandwidth / Latency  (Bank 2): 0.001 GB/s		40.000 ns
        -Bandwidth / Latency  (Bank 3): 0.002 GB/s		40.000 ns
        -Bandwidth / Latency  (Bank 4): 0.001 GB/s		40.000 ns
        -Bandwidth / Latency  (Bank 5): 0.001 GB/s		38.333 ns
        -Bandwidth / Latency  (Bank 6): 0.002 GB/s		39.000 ns
        -Bandwidth / Latency  (Bank 7): 0.002 GB/s		39.062 ns
 == Power Data for Rank        0
   Average Power (watts)     : 1.171
     -Background (watts)     : 1.094
     -Act/Pre    (watts)     : 0.007
     -Burst      (watts)     : 0.005
     -Refresh    (watts)     : 0.065

 == Pending Transactions : 0 (400000)==
 =======================================================
 ============== Printing Statistics [id:0]==============
   Total Return Transactions : 310 (19840 bytes) aggregate average bandwidth 0.037GB/s
      -Rank   0 : 
        -Reads  : 77 (4928 bytes)
        -Writes : 0 (0 bytes)
        -Bandwidth / Latency  (Bank 0): 0.005 GB/s		48.125 ns
        -Bandwidth / Latency  (Bank 1): 0.004 GB/s		41.250 ns
        -Bandwidth / Latency  (Bank 2): 0.005 GB/s		46.500 ns
        -Bandwidth / Latency  (Bank 3): 0.004 GB/s		40.000 ns
        -Bandwidth / Latency  (Bank 4): 0.005 GB/s		44.545 ns
        -Bandwidth / Latency  (Bank 5): 0.005 GB/s		40.500 ns
        -Bandwidth / Latency  (Bank 6): 0.005 GB/s		39.750 ns
        -Bandwidth / Latency  (Bank 7): 0.004 GB/s		50.781 ns
 == Power Data for Rank        0
   Average Power (watts)     : 1.195
     -Background (watts)     : 1.098
     -Act/Pre    (watts)     : 0.019
     -Burst      (watts)     : 0.014
     -Refresh    (watts)     : 0.065

 == Pending Transactions : 0 (500000)==
 =======================================================
 ============== Printing Statistics [id:0]==============
   Total Return Transactions : 462 (29568 bytes) aggregate average bandwidth 0.072GB/s
      -Rank   0 : 
        -Reads  : 152 (9728 bytes)
        -Writes : 0 (0 bytes)
        -Bandwidth / Latency  (Bank 0): 0.009 GB/s		37.500 ns
        -Bandwidth / Latency  (Bank 1): 0.008 GB/s		37.574 ns
        -Bandwidth / Latency  (Bank 2): 0.010 GB/s		38.693 ns
        -Bandwidth / Latency  (Bank 3): 0.009 GB/s		39.167 ns
        -Bandwidth / Latency  (Bank 4): 0.009 GB/s		40.556 ns
        -Bandwidth / Latency  (Bank 5): 0.009 GB/s		38.958 ns
        -Bandwidth / Latency  (Bank 6): 0.010 GB/s		39.500 ns
        -Bandwidth / Latency  (Bank 7): 0.010 GB/s		40.060 ns
 == Power Data for Rank        0
   Average Power (watts)     : 1.236
     -Background (watts)     : 1.107
     -Act/Pre    (watts)     : 0.037
     -Burst      (watts)     : 0.027
     -Refresh    (watts)     : 0.065

 == Pending Transactions : 0 (600000)==
 =======================================================
 ============== Printing Statistics [id:0]==============
   Total Return Transactions : 1272 (81408 bytes) aggregate average bandwidth 0.386GB/s
      -Rank   0 : 
        -Reads  : 810 (51840 bytes)
        -Writes : 0 (0 bytes)
        -Bandwidth / Latency  (Bank 0): 0.049 GB/s		38.566 ns
        -Bandwidth / Latency  (Bank 1): 0.049 GB/s		38.932 ns
        -Bandwidth / Latency  (Bank 2): 0.049 GB/s		39.779 ns
        -Bandwidth / Latency  (Bank 3): 0.049 GB/s		40.061 ns
        -Bandwidth / Latency  (Bank 4): 0.047 GB/s		41.035 ns
        -Bandwidth / Latency  (Bank 5): 0.049 GB/s		41.422 ns
        -Bandwidth / Latency  (Bank 6): 0.047 GB/s		38.584 ns
        -Bandwidth / Latency  (Bank 7): 0.049 GB/s		37.843 ns
 == Power Data for Rank        0
   Average Power (watts)     : 1.555
     -Background (watts)     : 1.158
     -Act/Pre    (watts)     : 0.189
     -Burst      (watts)     : 0.142
     -Refresh    (watts)     : 0.065

 == Pending Transactions : 0 (700000)==
 =======================================================
 ============== Printing Statistics [id:0]==============
   Total Return Transactions : 1748 (111872 bytes) aggregate average bandwidth 0.227GB/s
      -Rank   0 : 
        -Reads  : 476 (30464 bytes)
        -Writes : 0 (0 bytes)
        -Bandwidth / Latency  (Bank 0): 0.029 GB/s		37.875 ns
        -Bandwidth / Latency  (Bank 1): 0.029 GB/s		39.426 ns
        -Bandwidth / Latency  (Bank 2): 0.024 GB/s		38.652 ns
        -Bandwidth / Latency  (Bank 3): 0.029 GB/s		41.896 ns
        -Bandwidth / Latency  (Bank 4): 0.028 GB/s		42.909 ns
        -Bandwidth / Latency  (Bank 5): 0.031 GB/s		39.489 ns
        -Bandwidth / Latency  (Bank 6): 0.027 GB/s		41.184 ns
        -Bandwidth / Latency  (Bank 7): 0.030 GB/s		38.790 ns
 == Power Data for Rank        0
   Average Power (watts)     : 1.423
     -Background (watts)     : 1.159
     -Act/Pre    (watts)     : 0.116
     -Burst      (watts)     : 0.084
     -Refresh    (watts)     : 0.065

 == Pending Transactions : 0 (800000)==
 =======================================================
 ============== Printing Statistics [id:0]==============
   Total Return Transactions : 2813 (180032 bytes) aggregate average bandwidth 0.508GB/s
      -Rank   0 : 
        -Reads  : 1065 (68160 bytes)
        -Writes : 0 (0 bytes)
        -Bandwidth / Latency  (Bank 0): 0.062 GB/s		40.038 ns
        -Bandwidth / Latency  (Bank 1): 0.060 GB/s		40.794 ns
        -Bandwidth / Latency  (Bank 2): 0.063 GB/s		39.530 ns
        -Bandwidth / Latency  (Bank 3): 0.064 GB/s		41.119 ns
        -Bandwidth / Latency  (Bank 4): 0.069 GB/s		39.696 ns
        -Bandwidth / Latency  (Bank 5): 0.065 GB/s		38.558 ns
        -Bandwidth / Latency  (Bank 6): 0.063 GB/s		39.981 ns
        -Bandwidth / Latency  (Bank 7): 0.061 GB/s		39.072 ns
 == Power Data for Rank        0
   Average Power (watts)     : 1.730
     -Background (watts)     : 1.224
     -Act/Pre    (watts)     : 0.254
     -Burst      (watts)     : 0.187
     -Refresh    (watts)     : 0.065

 == Pending Transactions : 0 (900000)==
 =======================================================
 ============== Printing Statistics [id:0]==============
   Total Return Transactions : 3504 (224256 bytes) aggregate average bandwidth 0.329GB/s
      -Rank   0 : 
        -Reads  : 691 (44224 bytes)
        -Writes : 0 (0 bytes)
        -Bandwidth / Latency  (Bank 0): 0.043 GB/s		41.153 ns
        -Bandwidth / Latency  (Bank 1): 0.043 GB/s		39.011 ns
        -Bandwidth / Latency  (Bank 2): 0.037 GB/s		41.106 ns
        -Bandwidth / Latency  (Bank 3): 0.044 GB/s		38.804 ns
        -Bandwidth / Latency  (Bank 4): 0.038 GB/s		40.142 ns
        -Bandwidth / Latency  (Bank 5): 0.041 GB/s		39.382 ns
        -Bandwidth / Latency  (Bank 6): 0.040 GB/s		39.443 ns
        -Bandwidth / Latency  (Bank 7): 0.043 GB/s		40.625 ns
 == Power Data for Rank        0
   Average Power (watts)     : 1.566
     -Background (watts)     : 1.208
     -Act/Pre    (watts)     : 0.172
     -Burst      (watts)     : 0.121
     -Refresh    (watts)     : 0.065

 == Pending Transactions : 0 (1000000)==
 =======================================================
 ============== Printing Statistics [id:0]==============
   Total Return Transactions : 4221 (270144 bytes) aggregate average bandwidth 0.342GB/s
      -Rank   0 : 
        -Reads  : 717 (45888 bytes)
        -Writes : 0 (0 bytes)
        -Bandwidth / Latency  (Bank 0): 0.042 GB/s		41.503 ns
        -Bandwidth / Latency  (Bank 1): 0.046 GB/s		40.391 ns
        -Bandwidth / Latency  (Bank 2): 0.044 GB/s		40.269 ns
        -Bandwidth / Latency  (Bank 3): 0.041 GB/s		39.779 ns
        -Bandwidth / Latency  (Bank 4): 0.040 GB/s		40.241 ns
        -Bandwidth / Latency  (Bank 5): 0.047 GB/s		40.153 ns
        -Bandwidth / Latency  (Bank 6): 0.042 GB/s		41.952 ns
        -Bandwidth / Latency  (Bank 7): 0.040 GB/s		39.926 ns
 == Power Data for Rank        0
   Average Power (watts)     : 1.598
     -Background (watts)     : 1.226
     -Act/Pre    (watts)     : 0.181
     -Burst      (watts)     : 0.126
     -Refresh    (watts)     : 0.065

 == Pending Transactions : 0 (1100000)==
 =======================================================
 ============== Printing Statistics [id:0]==============
   Total Return Transactions : 4748 (303872 bytes) aggregate average bandwidth 0.251GB/s
      -Rank   0 : 
        -Reads  : 527 (33728 bytes)
        -Writes : 0 (0 bytes)
        -Bandwidth / Latency  (Bank 0): 0.030 GB/s		38.849 ns
        -Bandwidth / Latency  (Bank 1): 0.031 GB/s		42.129 ns
        -Bandwidth / Latency  (Bank 2): 0.028 GB/s		38.602 ns
        -Bandwidth / Latency  (Bank 3): 0.031 GB/s		42.254 ns
        -Bandwidth / Latency  (Bank 4): 0.036 GB/s		41.083 ns
        -Bandwidth / Latency  (Bank 5): 0.030 GB/s		39.032 ns
        -Bandwidth / Latency  (Bank 6): 0.035 GB/s		40.736 ns
        -Bandwidth / Latency  (Bank 7): 0.031 GB/s		39.769 ns
 == Power Data for Rank        0
   Average Power (watts)     : 1.485
     -Background (watts)     : 1.193
     -Act/Pre    (watts)     : 0.134
     -Burst      (watts)     : 0.093
     -Refresh    (watts)     : 0.065

 == Pending Transactions : 1 (1200000)==
 =======================================================
 ============== Printing Statistics [id:0]==============
   Total Return Transactions : 5270 (337280 bytes) aggregate average bandwidth 0.249GB/s
      -Rank   0 : 
        -Reads  : 522 (33408 bytes)
        -Writes : 0 (0 bytes)
        -Bandwidth / Latency  (Bank 0): 0.033 GB/s		41.051 ns
        -Bandwidth / Latency  (Bank 1): 0.034 GB/s		40.880 ns
        -Bandwidth / Latency  (Bank 2): 0.029 GB/s		38.958 ns
        -Bandwidth / Latency  (Bank 3): 0.030 GB/s		41.567 ns
        -Bandwidth / Latency  (Bank 4): 0.026 GB/s		39.909 ns
        -Bandwidth / Latency  (Bank 5): 0.031 GB/s		41.365 ns
        -Bandwidth / Latency  (Bank 6): 0.034 GB/s		42.535 ns
        -Bandwidth / Latency  (Bank 7): 0.032 GB/s		40.257 ns
 == Power Data for Rank        0
   Average Power (watts)     : 1.480
     -Background (watts)     : 1.190
     -Act/Pre    (watts)     : 0.133
     -Burst      (watts)     : 0.092
     -Refresh    (watts)     : 0.065

 == Pending Transactions : 1 (1300000)==
 =======================================================
 ============== Printing Statistics [id:0]==============
   Total Return Transactions : 5680 (363520 bytes) aggregate average bandwidth 0.196GB/s
      -Rank   0 : 
        -Reads  : 410 (26240 bytes)
        -Writes : 0 (0 bytes)
        -Bandwidth / Latency  (Bank 0): 0.025 GB/s		39.904 ns
        -Bandwidth / Latency  (Bank 1): 0.024 GB/s		39.093 ns
        -Bandwidth / Latency  (Bank 2): 0.026 GB/s		39.282 ns
        -Bandwidth / Latency  (Bank 3): 0.023 GB/s		38.240 ns
        -Bandwidth / Latency  (Bank 4): 0.026 GB/s		39.769 ns
        -Bandwidth / Latency  (Bank 5): 0.025 GB/s		38.317 ns
        -Bandwidth / Latency  (Bank 6): 0.024 GB/s		39.700 ns
        -Bandwidth / Latency  (Bank 7): 0.023 GB/s		39.323 ns
 == Power Data for Rank        0
   Average Power (watts)     : 1.404
     -Background (watts)     : 1.165
     -Act/Pre    (watts)     : 0.102
     -Burst      (watts)     : 0.072
     -Refresh    (watts)     : 0.065

 == Pending Transactions : 1 (1400000)==
 =======================================================
 ============== Printing Statistics [id:0]==============
   Total Return Transactions : 6044 (386816 bytes) aggregate average bandwidth 0.174GB/s
      -Rank   0 : 
        -Reads  : 364 (23296 bytes)
        -Writes : 0 (0 bytes)
        -Bandwidth / Latency  (Bank 0): 0.021 GB/s		39.830 ns
        -Bandwidth / Latency  (Bank 1): 0.022 GB/s		43.804 ns
        -Bandwidth / Latency  (Bank 2): 0.022 GB/s		36.848 ns
        -Bandwidth / Latency  (Bank 3): 0.022 GB/s		35.924 ns
        -Bandwidth / Latency  (Bank 4): 0.022 GB/s		38.016 ns
        -Bandwidth / Latency  (Bank 5): 0.021 GB/s		46.139 ns
        -Bandwidth / Latency  (Bank 6): 0.023 GB/s		40.781 ns
        -Bandwidth / Latency  (Bank 7): 0.021 GB/s		37.791 ns
 == Power Data for Rank        0
   Average Power (watts)     : 1.352
     -Background (watts)     : 1.130
     -Act/Pre    (watts)     : 0.092
     -Burst      (watts)     : 0.064
     -Refresh    (watts)     : 0.065

 == Pending Transactions : 0 (1500000)==
 =======================================================
 ============== Printing Statistics [id:0]==============
   Total Return Transactions : 6061 (387904 bytes) aggregate average bandwidth 0.008GB/s
      -Rank   0 : 
        -Reads  : 17 (1088 bytes)
        -Writes : 0 (0 bytes)
        -Bandwidth / Latency  (Bank 0): 0.001 GB/s		39.375 ns
        -Bandwidth / Latency  (Bank 1): 0.001 GB/s		38.333 ns
        -Bandwidth / Latency  (Bank 2): 0.001 GB/s		38.333 ns
        -Bandwidth / Latency  (Bank 3): 0.001 GB/s		40.000 ns
        -Bandwidth / Latency  (Bank 4): 0.000 GB/s		-nan ns
        -Bandwidth / Latency  (Bank 5): 0.000 GB/s		40.000 ns
        -Bandwidth / Latency  (Bank 6): 0.001 GB/s		38.333 ns
        -Bandwidth / Latency  (Bank 7): 0.001 GB/s		40.000 ns
 == Power Data for Rank        0
   Average Power (watts)     : 1.164
     -Background (watts)     : 1.091
     -Act/Pre    (watts)     : 0.004
     -Burst      (watts)     : 0.003
     -Refresh    (watts)     : 0.065

 == Pending Transactions : 0 (1600000)==
 =======================================================
 ============== Printing Statistics [id:0]==============
   Total Return Transactions : 6140 (392960 bytes) aggregate average bandwidth 0.038GB/s
      -Rank   0 : 
        -Reads  : 79 (5056 bytes)
        -Writes : 0 (0 bytes)
        -Bandwidth / Latency  (Bank 0): 0.005 GB/s		40.125 ns
        -Bandwidth / Latency  (Bank 1): 0.003 GB/s		39.792 ns
        -Bandwidth / Latency  (Bank 2): 0.004 GB/s		39.375 ns
        -Bandwidth / Latency  (Bank 3): 0.004 GB/s		36.389 ns
        -Bandwidth / Latency  (Bank 4): 0.007 GB/s		37.417 ns
        -Bandwidth / Latency  (Bank 5): 0.005 GB/s		47.045 ns
        -Bandwidth / Latency  (Bank 6): 0.004 GB/s		38.889 ns
        -Bandwidth / Latency  (Bank 7): 0.005 GB/s		40.455 ns
 == Power Data for Rank        0
   Average Power (watts)     : 1.199
     -Background (watts)     : 1.101
     -Act/Pre    (watts)     : 0.019
     -Burst      (watts)     : 0.014
     -Refresh    (watts)     : 0.065

 == Pending Transactions : 0 (1700000)==
 =======================================================
 ============== Printing Statistics [id:0]==============
   Total Return Transactions : 6217 (397888 bytes) aggregate average bandwidth 0.037GB/s
      -Rank   0 : 
        -Reads  : 77 (4928 bytes)
        -Writes : 0 (0 bytes)
        -Bandwidth / Latency  (Bank 0): 0.004 GB/s		39.062 ns
        -Bandwidth / Latency  (Bank 1): 0.004 GB/s		39.583 ns
        -Bandwidth / Latency  (Bank 2): 0.005 GB/s		38.636 ns
        -Bandwidth / Latency  (Bank 3): 0.005 GB/s		40.375 ns
        -Bandwidth / Latency  (Bank 4): 0.005 GB/s		39.625 ns
        -Bandwidth / Latency  (Bank 5): 0.005 GB/s		40.250 ns
        -Bandwidth / Latency  (Bank 6): 0.005 GB/s		39.000 ns
        -Bandwidth / Latency  (Bank 7): 0.004 GB/s		40.972 ns
 == Power Data for Rank        0
   Average Power (watts)     : 1.200
     -Background (watts)     : 1.102
     -Act/Pre    (watts)     : 0.019
     -Burst      (watts)     : 0.014
     -Refresh    (watts)     : 0.065

 == Pending Transactions : 0 (1800000)==
 =======================================================
 ============== Printing Statistics [id:0]==============
   Total Return Transactions : 6269 (401216 bytes) aggregate average bandwidth 0.025GB/s
      -Rank   0 : 
        -Reads  : 52 (3328 bytes)
        -Writes : 0 (0 bytes)
        -Bandwidth / Latency  (Bank 0): 0.003 GB/s		40.357 ns
        -Bandwidth / Latency  (Bank 1): 0.001 GB/s		40.833 ns
        -Bandwidth / Latency  (Bank 2): 0.002 GB/s		38.500 ns
        -Bandwidth / Latency  (Bank 3): 0.002 GB/s		40.000 ns
        -Bandwidth / Latency  (Bank 4): 0.002 GB/s		44.250 ns
        -Bandwidth / Latency  (Bank 5): 0.002 GB/s		40.000 ns
        -Bandwidth / Latency  (Bank 6): 0.005 GB/s		43.977 ns
        -Bandwidth / Latency  (Bank 7): 0.005 GB/s		39.318 ns
 == Power Data for Rank        0
   Average Power (watts)     : 1.185
     -Background (watts)     : 1.098
     -Act/Pre    (watts)     : 0.013
     -Burst      (watts)     : 0.009
     -Refresh    (watts)     : 0.065

 == Pending Transactions : 0 (1900000)==
 =======================================================
 ============== Printing Statistics [id:0]==============
   Total Return Transactions : 6335 (405440 bytes) aggregate average bandwidth 0.031GB/s
      -Rank   0 : 
        -Reads  : 66 (4224 bytes)
        -Writes : 0 (0 bytes)
        -Bandwidth / Latency  (Bank 0): 0.004 GB/s		40.156 ns
        -Bandwidth / Latency  (Bank 1): 0.004 GB/s		40.000 ns
        -Bandwidth / Latency  (Bank 2): 0.004 GB/s		38.750 ns
        -Bandwidth / Latency  (Bank 3): 0.003 GB/s		40.000 ns
        -Bandwidth / Latency  (Bank 4): 0.005 GB/s		42.500 ns
        -Bandwidth / Latency  (Bank 5): 0.004 GB/s		55.156 ns
        -Bandwidth / Latency  (Bank 6): 0.004 GB/s		40.156 ns
        -Bandwidth / Latency  (Bank 7): 0.004 GB/s		39.531 ns
 == Power Data for Rank        0
   Average Power (watts)     : 1.194
     -Background (watts)     : 1.100
     -Act/Pre    (watts)     : 0.017
     -Burst      (watts)     : 0.012
     -Refresh    (watts)     : 0.065

 == Pending Transactions : 0 (2000000)==
 =======================================================
 ============== Printing Statistics [id:0]==============
   Total Return Transactions : 6355 (406720 bytes) aggregate average bandwidth 0.010GB/s
      -Rank   0 : 
        -Reads  : 20 (1280 bytes)
        -Writes : 0 (0 bytes)
        -Bandwidth / Latency  (Bank 0): 0.002 GB/s		50.625 ns
        -Bandwidth / Latency  (Bank 1): 0.000 GB/s		40.000 ns
        -Bandwidth / Latency  (Bank 2): 0.002 GB/s		37.500 ns
        -Bandwidth / Latency  (Bank 3): 0.002 GB/s		38.250 ns
        -Bandwidth / Latency  (Bank 4): 0.000 GB/s		35.000 ns
        -Bandwidth / Latency  (Bank 5): 0.000 GB/s		-nan ns
        -Bandwidth / Latency  (Bank 6): 0.001 GB/s		37.500 ns
        -Bandwidth / Latency  (Bank 7): 0.001 GB/s		38.333 ns
 == Power Data for Rank        0
   Average Power (watts)     : 1.165
     -Background (watts)     : 1.092
     -Act/Pre    (watts)     : 0.005
     -Burst      (watts)     : 0.004
     -Refresh    (watts)     : 0.065

 == Pending Transactions : 0 (2100000)==
 =======================================================
 ============== Printing Statistics [id:0]==============
   Total Return Transactions : 6389 (408896 bytes) aggregate average bandwidth 0.016GB/s
      -Rank   0 : 
        -Reads  : 34 (2176 bytes)
        -Writes : 0 (0 bytes)
        -Bandwidth / Latency  (Bank 0): 0.004 GB/s		43.750 ns
        -Bandwidth / Latency  (Bank 1): 0.002 GB/s		39.250 ns
        -Bandwidth / Latency  (Bank 2): 0.002 GB/s		39.062 ns
        -Bandwidth / Latency  (Bank 3): 0.000 GB/s		35.000 ns
        -Bandwidth / Latency  (Bank 4): 0.002 GB/s		40.000 ns
        -Bandwidth / Latency  (Bank 5): 0.003 GB/s		38.333 ns
        -Bandwidth / Latency  (Bank 6): 0.001 GB/s		40.000 ns
        -Bandwidth / Latency  (Bank 7): 0.001 GB/s		39.583 ns
 == Power Data for Rank        0
   Average Power (watts)     : 1.174
     -Background (watts)     : 1.094
     -Act/Pre    (watts)     : 0.008
     -Burst      (watts)     : 0.006
     -Refresh    (watts)     : 0.065

 == Pending Transactions : 0 (2200000)==
 =======================================================
 ============== Printing Statistics [id:0]==============
   Total Return Transactions : 6394 (409216 bytes) aggregate average bandwidth 0.002GB/s
      -Rank   0 : 
        -Reads  : 5 (320 bytes)
        -Writes : 0 (0 bytes)
        -Bandwidth / Latency  (Bank 0): 0.001 GB/s		51.250 ns
        -Bandwidth / Latency  (Bank 1): 0.000 GB/s		43.750 ns
        -Bandwidth / Latency  (Bank 2): 0.000 GB/s		-nan ns
        -Bandwidth / Latency  (Bank 3): 0.000 GB/s		-nan ns
        -Bandwidth / Latency  (Bank 4): 0.000 GB/s		-nan ns
        -Bandwidth / Latency  (Bank 5): 0.000 GB/s		35.000 ns
        -Bandwidth / Latency  (Bank 6): 0.000 GB/s		-nan ns
        -Bandwidth / Latency  (Bank 7): 0.000 GB/s		40.000 ns
 == Power Data for Rank        0
   Average Power (watts)     : 1.156
     -Background (watts)     : 1.089
     -Act/Pre    (watts)     : 0.001
     -Burst      (watts)     : 0.001
     -Refresh    (watts)     : 0.065

 == Pending Transactions : 0 (2300000)==
 =======================================================
 ============== Printing Statistics [id:0]==============
   Total Return Transactions : 6397 (409408 bytes) aggregate average bandwidth 0.001GB/s
      -Rank   0 : 
        -Reads  : 3 (192 bytes)
        -Writes : 0 (0 bytes)
        -Bandwidth / Latency  (Bank 0): 0.000 GB/s		-nan ns
        -Bandwidth / Latency  (Bank 1): 0.000 GB/s		-nan ns
        -Bandwidth / Latency  (Bank 2): 0.000 GB/s		-nan ns
        -Bandwidth / Latency  (Bank 3): 0.000 GB/s		40.000 ns
        -Bandwidth / Latency  (Bank 4): 0.000 GB/s		-nan ns
        -Bandwidth / Latency  (Bank 5): 0.000 GB/s		-nan ns
        -Bandwidth / Latency  (Bank 6): 0.000 GB/s		-nan ns
        -Bandwidth / Latency  (Bank 7): 0.001 GB/s		40.000 ns
 == Power Data for Rank        0
   Average Power (watts)     : 1.155
     -Background (watts)     : 1.089
     -Act/Pre    (watts)     : 0.001
     -Burst      (watts)     : 0.001
     -Refresh    (watts)     : 0.065

 == Pending Transactions : 0 (2400000)==
==== Channel [0] ====
 =======================================================
 ============== Printing Statistics [id:0]==============
   Total Return Transactions : 6402 (409728 bytes) aggregate average bandwidth 0.005GB/s
      -Rank   0 : 
        -Reads  : 5 (320 bytes)
        -Writes : 0 (0 bytes)
        -Bandwidth / Latency  (Bank 0): 0.000 GB/s		-nan ns
        -Bandwidth / Latency  (Bank 1): 0.001 GB/s		57.500 ns
        -Bandwidth / Latency  (Bank 2): 0.001 GB/s		57.500 ns
        -Bandwidth / Latency  (Bank 3): 0.000 GB/s		-nan ns
        -Bandwidth / Latency  (Bank 4): 0.000 GB/s		-nan ns
        -Bandwidth / Latency  (Bank 5): 0.000 GB/s		-nan ns
        -Bandwidth / Latency  (Bank 6): 0.001 GB/s		35.000 ns
        -Bandwidth / Latency  (Bank 7): 0.002 GB/s		40.000 ns
 == Power Data for Rank        0
   Average Power (watts)     : 1.163
     -Background (watts)     : 1.090
     -Act/Pre    (watts)     : 0.003
     -Burst      (watts)     : 0.002
     -Refresh    (watts)     : 0.068
 ---  Latency list (15)
       [lat] : #
       [10-19] : 75
       [20-29] : 2141
       [30-39] : 3930
       [40-49] : 56
       [50-59] : 70
       [60-69] : 73
       [70-79] : 7
       [80-89] : 6
       [90-99] : 10
       [100-109] : 5
       [110-119] : 13
       [120-129] : 9
       [130-139] : 2
       [140-149] : 4
       [150-159] : 1

 == Pending Transactions : 0 (2447862)==
//// Channel [0] ////
