Pin 2.14 kit 71293
E:  This Pintool collects statistics for instructions.

Pin tools switches

-a  [default 0]
	Default SST Memory Pool
-c  [default 1]
	Maximum core count to use for data pipes.
-d  [default 0]
	Default SST Memory Pool
-f  [default comp_trace.csv]
	Memory compression profile trace file name
-h  [default 0]
	Print help message (Return failure of PIN_Init() in order to allow the
	tool                             to print help message)
-help  [default 0]
	Print help message (Return failure of PIN_Init() in order to allow the
	tool                             to print help message)
-i  [default 1000]
	Maximum number of instructions to run
-k  [default 0]
	Should keep shadow stack and dump on malloc calls. 1 = enabled, 0 =
	disabled
-logfile  [default pintool.log]
	The log file path and file name
-m  [default 0]
	Should intercept multi-level memory allocations, copies and frees, 1 =
	start enabled, 0 = start disabled
-n  [default 1000000]
	Memory compression profile interval
-p  [default ]
	Named pipe to connect to SST simulator
-r  [default 0]
	Record Randomness (0 = diabled, 1 = enabled
-rw  [default 0]
	the number of memory access in a randomness window
-s  [default 1]
	Mode for configuring profile behavior, 1 = start enabled, 0 = start
	disabled, 2 = attempt auto detect
-t  [default 0]
	Function profiling level (0 = disabled, 1 = enabled)
-unique_logfile  [default 0]
	The log file names will contain the pid
-v  [default 0]
	SST verbosity level
-w  [default 10000]
	The number of instructions to warmup
-x  [default 0]
	Enable memory compression profiler

Line information controls

-discard_line_info 
	Discard line information for specific module. Module name should be a
	short name without path, not a symbolic link
-discard_line_info_all  [default 0]
	Discard line information for all modules.
-dwarf_file 
	Point pin to a different file for debug information. Syntax:
	app_executable:<path_to_different_fileExaple (OS X): -dwarf_file
	get_source_app:get_s
	ource_app.dSYM/Contents/Resources/DWARF/get_source_app

Symbols controls

-short_name  [default 0]
	Use the shortest name for the RTN. Names with version substrings are
	preferred over the same name without the substring.
-support_jit_api  [default 0]
	Enables the Jitted Functions Support
-unrestricted_rtn_size  [default 0]
	Use the unrestricted RTN size. When set the RTN size defined by the
	distance between RTN start to the beginning of next RTN.

Statistic switches

-profile  [default 0]
	print amount of memory dynamically allocated but not yet freed by the
	tool
-statistic  [default 0]
	print general statistics

General switches (available in pin and tool)

-slow_asserts  [default 0]
	Perform expensive sanity checks

